# JRE version: Java(TM) SE Runtime Environment (8.0_291-b10) (build 1.8.0_291-b10)
# Java VM: Java HotSpot(TM) 64-Bit Server VM (25.291-b10 mixed mode windows-amd64 compressed oops)
Heap:
 PSYoungGen      total 410112K, used 251078K [0x000000076b800000, 0x0000000786f80000, 0x00000007c0000000)
  eden space 399872K, 60% used [0x000000076b800000,0x000000077a3a6330,0x0000000783e80000)
  from space 10240K, 95% used [0x0000000786580000,0x0000000786f0b878,0x0000000786f80000)
  to   space 18944K, 0% used [0x0000000784a80000,0x0000000784a80000,0x0000000785d00000)
 ParOldGen       total 167936K, used 20479K [0x00000006c2800000, 0x00000006ccc00000, 0x000000076b800000)
  object space 167936K, 12% used [0x00000006c2800000,0x00000006c3bffde0,0x00000006ccc00000)
 Metaspace       used 45502K, capacity 47881K, committed 48216K, reserved 1089536K
  class space    used 7263K, capacity 7712K, committed 7808K, reserved 1048576K
GC Heap History (10 events):
Event: 2.256 GC heap before
{Heap before GC invocations=6 (full 1):
 PSYoungGen      total 206336K, used 206310K [0x000000076b800000, 0x000000077c980000, 0x00000007c0000000)
  eden space 197120K, 100% used [0x000000076b800000,0x0000000777880000,0x0000000777880000)
  from space 9216K, 99% used [0x000000077c080000,0x000000077c979b70,0x000000077c980000)
  to   space 10752K, 0% used [0x000000077b480000,0x000000077b480000,0x000000077bf00000)
 ParOldGen       total 102912K, used 8410K [0x00000006c2800000, 0x00000006c8c80000, 0x000000076b800000)
  object space 102912K, 8% used [0x00000006c2800000,0x00000006c3036bb8,0x00000006c8c80000)
 Metaspace       used 30671K, capacity 32408K, committed 32512K, reserved 1077248K
  class space    used 4012K, capacity 4348K, committed 4352K, reserved 1048576K
Event: 2.263 GC heap after
Heap after GC invocations=6 (full 1):
 PSYoungGen      total 269312K, used 10747K [0x000000076b800000, 0x000000077fb00000, 0x00000007c0000000)
  eden space 258560K, 0% used [0x000000076b800000,0x000000076b800000,0x000000077b480000)
  from space 10752K, 99% used [0x000000077b480000,0x000000077befefa8,0x000000077bf00000)
  to   space 17408K, 0% used [0x000000077ea00000,0x000000077ea00000,0x000000077fb00000)
 ParOldGen       total 102912K, used 15491K [0x00000006c2800000, 0x00000006c8c80000, 0x000000076b800000)
  object space 102912K, 15% used [0x00000006c2800000,0x00000006c3720fa8,0x00000006c8c80000)
 Metaspace       used 30671K, capacity 32408K, committed 32512K, reserved 1077248K
  class space    used 4012K, capacity 4348K, committed 4352K, reserved 1048576K
}
Event: 2.524 GC heap before
{Heap before GC invocations=7 (full 1):
 PSYoungGen      total 269312K, used 60220K [0x000000076b800000, 0x000000077fb00000, 0x00000007c0000000)
  eden space 258560K, 19% used [0x000000076b800000,0x000000076e850110,0x000000077b480000)
  from space 10752K, 99% used [0x000000077b480000,0x000000077befefa8,0x000000077bf00000)
  to   space 17408K, 0% used [0x000000077ea00000,0x000000077ea00000,0x000000077fb00000)
 ParOldGen       total 102912K, used 15491K [0x00000006c2800000, 0x00000006c8c80000, 0x000000076b800000)
  object space 102912K, 15% used [0x00000006c2800000,0x00000006c3720fa8,0x00000006c8c80000)
 Metaspace       used 33514K, capacity 35214K, committed 35416K, reserved 1079296K
  class space    used 4369K, capacity 4719K, committed 4736K, reserved 1048576K
Event: 2.530 GC heap after
Heap after GC invocations=7 (full 1):
 PSYoungGen      total 311808K, used 14801K [0x000000076b800000, 0x0000000786100000, 0x00000007c0000000)
  eden space 294400K, 0% used [0x000000076b800000,0x000000076b800000,0x000000077d780000)
  from space 17408K, 85% used [0x000000077ea00000,0x000000077f8746c0,0x000000077fb00000)
  to   space 18944K, 0% used [0x000000077d780000,0x000000077d780000,0x000000077ea00000)
 ParOldGen       total 102912K, used 15499K [0x00000006c2800000, 0x00000006c8c80000, 0x000000076b800000)
  object space 102912K, 15% used [0x00000006c2800000,0x00000006c3722fa8,0x00000006c8c80000)
 Metaspace       used 33514K, capacity 35214K, committed 35416K, reserved 1079296K
  class space    used 4369K, capacity 4719K, committed 4736K, reserved 1048576K
}
Event: 2.530 GC heap before
{Heap before GC invocations=8 (full 2):
 PSYoungGen      total 311808K, used 14801K [0x000000076b800000, 0x0000000786100000, 0x00000007c0000000)
  eden space 294400K, 0% used [0x000000076b800000,0x000000076b800000,0x000000077d780000)
  from space 17408K, 85% used [0x000000077ea00000,0x000000077f8746c0,0x000000077fb00000)
  to   space 18944K, 0% used [0x000000077d780000,0x000000077d780000,0x000000077ea00000)
 ParOldGen       total 102912K, used 15499K [0x00000006c2800000, 0x00000006c8c80000, 0x000000076b800000)
  object space 102912K, 15% used [0x00000006c2800000,0x00000006c3722fa8,0x00000006c8c80000)
 Metaspace       used 33514K, capacity 35214K, committed 35416K, reserved 1079296K
  class space    used 4369K, capacity 4719K, committed 4736K, reserved 1048576K
Event: 2.557 GC heap after
Heap after GC invocations=8 (full 2):
 PSYoungGen      total 311808K, used 0K [0x000000076b800000, 0x0000000786100000, 0x00000007c0000000)
  eden space 294400K, 0% used [0x000000076b800000,0x000000076b800000,0x000000077d780000)
  from space 17408K, 0% used [0x000000077ea00000,0x000000077ea00000,0x000000077fb00000)
  to   space 18944K, 0% used [0x000000077d780000,0x000000077d780000,0x000000077ea00000)
 ParOldGen       total 167936K, used 20463K [0x00000006c2800000, 0x00000006ccc00000, 0x000000076b800000)
  object space 167936K, 12% used [0x00000006c2800000,0x00000006c3bfbde0,0x00000006ccc00000)
 Metaspace       used 33514K, capacity 35214K, committed 35416K, reserved 1079296K
  class space    used 4369K, capacity 4719K, committed 4736K, reserved 1048576K
}
Event: 8.863 GC heap before
{Heap before GC invocations=9 (full 2):
 PSYoungGen      total 311808K, used 294400K [0x000000076b800000, 0x0000000786100000, 0x00000007c0000000)
  eden space 294400K, 100% used [0x000000076b800000,0x000000077d780000,0x000000077d780000)
  from space 17408K, 0% used [0x000000077ea00000,0x000000077ea00000,0x000000077fb00000)
  to   space 18944K, 0% used [0x000000077d780000,0x000000077d780000,0x000000077ea00000)
 ParOldGen       total 167936K, used 20463K [0x00000006c2800000, 0x00000006ccc00000, 0x000000076b800000)
  object space 167936K, 12% used [0x00000006c2800000,0x00000006c3bfbde0,0x00000006ccc00000)
 Metaspace       used 44578K, capacity 46959K, committed 47192K, reserved 1089536K
  class space    used 7016K, capacity 7477K, committed 7552K, reserved 1048576K
Event: 8.872 GC heap after
Heap after GC invocations=9 (full 2):
 PSYoungGen      total 313344K, used 14654K [0x000000076b800000, 0x0000000787900000, 0x00000007c0000000)
  eden space 294400K, 0% used [0x000000076b800000,0x000000076b800000,0x000000077d780000)
  from space 18944K, 77% used [0x000000077d780000,0x000000077e5cf8b8,0x000000077ea00000)
  to   space 19968K, 0% used [0x0000000786580000,0x0000000786580000,0x0000000787900000)
 ParOldGen       total 167936K, used 20471K [0x00000006c2800000, 0x00000006ccc00000, 0x000000076b800000)
  object space 167936K, 12% used [0x00000006c2800000,0x00000006c3bfdde0,0x00000006ccc00000)
 Metaspace       used 44578K, capacity 46959K, committed 47192K, reserved 1089536K
  class space    used 7016K, capacity 7477K, committed 7552K, reserved 1048576K
}
Event: 64.170 GC heap before
{Heap before GC invocations=10 (full 2):
 PSYoungGen      total 313344K, used 309054K [0x000000076b800000, 0x0000000787900000, 0x00000007c0000000)
  eden space 294400K, 100% used [0x000000076b800000,0x000000077d780000,0x000000077d780000)
  from space 18944K, 77% used [0x000000077d780000,0x000000077e5cf8b8,0x000000077ea00000)
  to   space 19968K, 0% used [0x0000000786580000,0x0000000786580000,0x0000000787900000)
 ParOldGen       total 167936K, used 20471K [0x00000006c2800000, 0x00000006ccc00000, 0x000000076b800000)
  object space 167936K, 12% used [0x00000006c2800000,0x00000006c3bfdde0,0x00000006ccc00000)
 Metaspace       used 44621K, capacity 46993K, committed 47192K, reserved 1089536K
  class space    used 7024K, capacity 7484K, committed 7552K, reserved 1048576K
Event: 64.174 GC heap after
Heap after GC invocations=10 (full 2):
 PSYoungGen      total 410112K, used 9774K [0x000000076b800000, 0x0000000786f80000, 0x00000007c0000000)
  eden space 399872K, 0% used [0x000000076b800000,0x000000076b800000,0x0000000783e80000)
  from space 10240K, 95% used [0x0000000786580000,0x0000000786f0b878,0x0000000786f80000)
  to   space 18944K, 0% used [0x0000000784a80000,0x0000000784a80000,0x0000000785d00000)
 ParOldGen       total 167936K, used 20479K [0x00000006c2800000, 0x00000006ccc00000, 0x000000076b800000)
  object space 167936K, 12% used [0x00000006c2800000,0x00000006c3bffde0,0x00000006ccc00000)
 Metaspace       used 44621K, capacity 46993K, committed 47192K, reserved 1089536K
  class space    used 7024K, capacity 7484K, committed 7552K, reserved 1048576K
}

